<?xml version="1.0" encoding="UTF-8"?>
<!-- Generated by org.testng.reporters.JUnitXMLReporter -->
<testsuite ignored="29" hostname="LAPTOP-RORK2UUF" failures="6" tests="6" name="SwagLabs_Test" time="0.161" errors="0" timestamp="2024-12-18T22:54:55 IST">
  <testcase classname="testcases.InventoryPageTest" name="verifyBackpackLinkTest" time="0.019">
    <failure type="java.lang.NullPointerException" message="Cannot invoke &amp;quot;pages.InventoryPage.verifyBackpackLink()&amp;quot; because &amp;quot;this.invent&amp;quot; is null">
      <![CDATA[java.lang.NullPointerException: Cannot invoke "pages.InventoryPage.verifyBackpackLink()" because "this.invent" is null
at testcases.InventoryPageTest.verifyBackpackLinkTest(InventoryPageTest.java:45)
at java.base/java.util.ArrayList.forEach(ArrayList.java:1511)
... Removed 27 stack frames]]>
    </failure>
  </testcase> <!-- verifyBackpackLinkTest -->
  <testcase classname="testcases.InventoryPageTest" name="verifyBikeLightLinkTest" time="0.002">
    <failure type="java.lang.NullPointerException" message="Cannot invoke &amp;quot;pages.InventoryPage.verifyBikeLightLink()&amp;quot; because &amp;quot;this.invent&amp;quot; is null">
      <![CDATA[java.lang.NullPointerException: Cannot invoke "pages.InventoryPage.verifyBikeLightLink()" because "this.invent" is null
at testcases.InventoryPageTest.verifyBikeLightLinkTest(InventoryPageTest.java:78)
at java.base/java.util.ArrayList.forEach(ArrayList.java:1511)
... Removed 27 stack frames]]>
    </failure>
  </testcase> <!-- verifyBikeLightLinkTest -->
  <testcase classname="testcases.InventoryPageTest" name="verifyBoltTshirtLinkTest" time="0.002">
    <failure type="java.lang.NullPointerException" message="Cannot invoke &amp;quot;pages.InventoryPage.verifyBoltTshirtLink()&amp;quot; because &amp;quot;this.invent&amp;quot; is null">
      <![CDATA[java.lang.NullPointerException: Cannot invoke "pages.InventoryPage.verifyBoltTshirtLink()" because "this.invent" is null
at testcases.InventoryPageTest.verifyBoltTshirtLinkTest(InventoryPageTest.java:113)
at java.base/java.util.ArrayList.forEach(ArrayList.java:1511)
... Removed 27 stack frames]]>
    </failure>
  </testcase> <!-- verifyBoltTshirtLinkTest -->
  <testcase classname="testcases.InventoryPageTest" name="verifyFleeceJacketTest" time="0.003">
    <failure type="java.lang.NullPointerException" message="Cannot invoke &amp;quot;pages.InventoryPage.verifyFleeceJacketLink()&amp;quot; because &amp;quot;this.invent&amp;quot; is null">
      <![CDATA[java.lang.NullPointerException: Cannot invoke "pages.InventoryPage.verifyFleeceJacketLink()" because "this.invent" is null
at testcases.InventoryPageTest.verifyFleeceJacketTest(InventoryPageTest.java:148)
at java.base/java.util.ArrayList.forEach(ArrayList.java:1511)
... Removed 27 stack frames]]>
    </failure>
  </testcase> <!-- verifyFleeceJacketTest -->
  <testcase classname="testcases.CartPageTest" name="verifyBackpacklinkTest" time="0.004">
    <failure type="java.lang.NullPointerException" message="Cannot invoke &amp;quot;pages.CartPage.verifyBackpacklink()&amp;quot; because &amp;quot;this.cart&amp;quot; is null">
      <![CDATA[java.lang.NullPointerException: Cannot invoke "pages.CartPage.verifyBackpacklink()" because "this.cart" is null
at testcases.CartPageTest.verifyBackpacklinkTest(CartPageTest.java:46)
at java.base/java.util.ArrayList.forEach(ArrayList.java:1511)
... Removed 27 stack frames]]>
    </failure>
  </testcase> <!-- verifyBackpacklinkTest -->
  <testcase classname="testcases.CartPageTest" name="verifyBikeLightLink" time="0.003">
    <failure type="java.lang.NullPointerException" message="Cannot invoke &amp;quot;pages.CartPage.verifyBikeLightgLink()&amp;quot; because &amp;quot;this.cart&amp;quot; is null">
      <![CDATA[java.lang.NullPointerException: Cannot invoke "pages.CartPage.verifyBikeLightgLink()" because "this.cart" is null
at testcases.CartPageTest.verifyBikeLightLink(CartPageTest.java:55)
at java.base/java.util.ArrayList.forEach(ArrayList.java:1511)
... Removed 27 stack frames]]>
    </failure>
  </testcase> <!-- verifyBikeLightLink -->
  <testcase classname="testcases.InventoryPageTest" name="verifyResetAppStateTest" time="0.0">
    <ignored/>
  </testcase> <!-- verifyResetAppStateTest -->
  <testcase classname="testcases.InventoryPageTest" name="verifyLinkedInLogoTest" time="0.0">
    <ignored/>
  </testcase> <!-- verifyLinkedInLogoTest -->
  <testcase classname="testcases.InventoryPageTest" name="verifyFleeceJacketTextTest" time="0.0">
    <ignored/>
  </testcase> <!-- verifyFleeceJacketTextTest -->
  <testcase classname="testcases.InventoryPageTest" name="verifyBoltTshirtPriceTest" time="0.0">
    <ignored/>
  </testcase> <!-- verifyBoltTshirtPriceTest -->
  <testcase classname="testcases.LoginPageTest" name="verifyUrlTest" time="0.0">
    <ignored/>
  </testcase> <!-- verifyUrlTest -->
  <testcase classname="testcases.InventoryPageTest" name="verifyBackPackPriceTest" time="0.0">
    <ignored/>
  </testcase> <!-- verifyBackPackPriceTest -->
  <testcase classname="testcases.InventoryPageTest" name="verifyBackPackThumbnailImgTest" time="0.0">
    <ignored/>
  </testcase> <!-- verifyBackPackThumbnailImgTest -->
  <testcase classname="testcases.LoginPageTest" name="verifyLoginMultiCredsTest" time="0.0">
    <ignored/>
  </testcase> <!-- verifyLoginMultiCredsTest -->
  <testcase classname="testcases.InventoryPageTest" name="verifyBikeLightTextTest" time="0.0">
    <ignored/>
  </testcase> <!-- verifyBikeLightTextTest -->
  <testcase classname="testcases.LoginPageTest" name="verifyLoginMultiCredsTestExcel" time="0.0">
    <ignored/>
  </testcase> <!-- verifyLoginMultiCredsTestExcel -->
  <testcase classname="testcases.InventoryPageTest" name="verifyFleeceJacketPriceTest" time="0.0">
    <ignored/>
  </testcase> <!-- verifyFleeceJacketPriceTest -->
  <testcase classname="testcases.InventoryPageTest" name="verifyBoltTshirtThumbnailImgTest" time="0.0">
    <ignored/>
  </testcase> <!-- verifyBoltTshirtThumbnailImgTest -->
  <testcase classname="testcases.InventoryPageTest" name="verifyBackPackTextTest" time="0.0">
    <ignored/>
  </testcase> <!-- verifyBackPackTextTest -->
  <testcase classname="testcases.InventoryPageTest" name="verifyAboutMenuLinkTest" time="0.0">
    <ignored/>
  </testcase> <!-- verifyAboutMenuLinkTest -->
  <testcase classname="testcases.InventoryPageTest" name="verifyBoltTshirtTextTest" time="0.0">
    <ignored/>
  </testcase> <!-- verifyBoltTshirtTextTest -->
  <testcase classname="testcases.LoginPageTest" name="verifyTitleTest" time="0.0">
    <ignored/>
  </testcase> <!-- verifyTitleTest -->
  <testcase classname="testcases.InventoryPageTest" name="verifyFacebookLogoTest" time="0.0">
    <ignored/>
  </testcase> <!-- verifyFacebookLogoTest -->
  <testcase classname="testcases.CartPageTest" name="verifyContinueShoppingBtnTest" time="0.0">
    <ignored/>
  </testcase> <!-- verifyContinueShoppingBtnTest -->
  <testcase classname="testcases.CartPageTest" name="verifyOrderPriceTest" time="0.0">
    <ignored/>
  </testcase> <!-- verifyOrderPriceTest -->
  <testcase classname="testcases.InventoryPageTest" name="verifyDropdownTest" time="0.0">
    <ignored/>
  </testcase> <!-- verifyDropdownTest -->
  <testcase classname="testcases.InventoryPageTest" name="verifylogoutLinkTest" time="0.0">
    <ignored/>
  </testcase> <!-- verifylogoutLinkTest -->
  <testcase classname="testcases.InventoryPageTest" name="verifyFleeceJacketThumbnailImgTest" time="0.0">
    <ignored/>
  </testcase> <!-- verifyFleeceJacketThumbnailImgTest -->
  <testcase classname="testcases.InventoryPageTest" name="verifyFooterText" time="0.0">
    <ignored/>
  </testcase> <!-- verifyFooterText -->
  <testcase classname="testcases.InventoryPageTest" name="verifyBikeLightPriceTest" time="0.0">
    <ignored/>
  </testcase> <!-- verifyBikeLightPriceTest -->
  <testcase classname="testcases.LoginPageTest" name="verifyLoginToApplicationTest" time="0.0">
    <ignored/>
  </testcase> <!-- verifyLoginToApplicationTest -->
  <testcase classname="testcases.InventoryPageTest" name="verifyMenuCrossButtonTest" time="0.0">
    <ignored/>
  </testcase> <!-- verifyMenuCrossButtonTest -->
  <testcase classname="testcases.InventoryPageTest" name="verifyMouseMovementTest" time="0.0">
    <ignored/>
  </testcase> <!-- verifyMouseMovementTest -->
  <testcase classname="testcases.InventoryPageTest" name="verifyTwitterLogoTest" time="0.0">
    <ignored/>
  </testcase> <!-- verifyTwitterLogoTest -->
  <testcase classname="testcases.InventoryPageTest" name="verifyBikeLightThumbnailImgTest" time="0.0">
    <ignored/>
  </testcase> <!-- verifyBikeLightThumbnailImgTest -->
</testsuite> <!-- SwagLabs_Test -->
