<?xml version="1.0" encoding="UTF-8"?>
<!-- Generated by org.testng.reporters.JUnitXMLReporter -->
<testsuite ignored="25" hostname="LAPTOP-RORK2UUF" failures="0" tests="1" name="Default test" time="28.776" errors="0" timestamp="2024-12-18T22:56:19 IST">
  <testcase classname="testcases.InventoryPageTest" name="verifyBackpackLinkTest" time="0.303"/>
  <testcase classname="testcases.InventoryPageTest" name="verifyAboutMenuLinkTest" time="0.0">
    <ignored/>
  </testcase> <!-- verifyAboutMenuLinkTest -->
  <testcase classname="testcases.InventoryPageTest" name="verifyBoltTshirtTextTest" time="0.0">
    <ignored/>
  </testcase> <!-- verifyBoltTshirtTextTest -->
  <testcase classname="testcases.InventoryPageTest" name="verifyBikeLightThumbnailImgTest" time="0.0">
    <ignored/>
  </testcase> <!-- verifyBikeLightThumbnailImgTest -->
  <testcase classname="testcases.InventoryPageTest" name="verifyFleeceJacketPriceTest" time="0.0">
    <ignored/>
  </testcase> <!-- verifyFleeceJacketPriceTest -->
  <testcase classname="testcases.InventoryPageTest" name="verifyBikeLightTextTest" time="0.0">
    <ignored/>
  </testcase> <!-- verifyBikeLightTextTest -->
  <testcase classname="testcases.InventoryPageTest" name="verifyMenuCrossButtonTest" time="0.0">
    <ignored/>
  </testcase> <!-- verifyMenuCrossButtonTest -->
  <testcase classname="testcases.InventoryPageTest" name="verifyMouseMovementTest" time="0.0">
    <ignored/>
  </testcase> <!-- verifyMouseMovementTest -->
  <testcase classname="testcases.InventoryPageTest" name="verifyBackPackThumbnailImgTest" time="0.0">
    <ignored/>
  </testcase> <!-- verifyBackPackThumbnailImgTest -->
  <testcase classname="testcases.InventoryPageTest" name="verifyBoltTshirtLinkTest" time="0.0">
    <ignored/>
  </testcase> <!-- verifyBoltTshirtLinkTest -->
  <testcase classname="testcases.InventoryPageTest" name="verifyBikeLightPriceTest" time="0.0">
    <ignored/>
  </testcase> <!-- verifyBikeLightPriceTest -->
  <testcase classname="testcases.InventoryPageTest" name="verifyResetAppStateTest" time="0.0">
    <ignored/>
  </testcase> <!-- verifyResetAppStateTest -->
  <testcase classname="testcases.InventoryPageTest" name="verifyLinkedInLogoTest" time="0.0">
    <ignored/>
  </testcase> <!-- verifyLinkedInLogoTest -->
  <testcase classname="testcases.InventoryPageTest" name="verifylogoutLinkTest" time="0.0">
    <ignored/>
  </testcase> <!-- verifylogoutLinkTest -->
  <testcase classname="testcases.InventoryPageTest" name="verifyFooterText" time="0.0">
    <ignored/>
  </testcase> <!-- verifyFooterText -->
  <testcase classname="testcases.InventoryPageTest" name="verifyBackPackPriceTest" time="0.0">
    <ignored/>
  </testcase> <!-- verifyBackPackPriceTest -->
  <testcase classname="testcases.InventoryPageTest" name="verifyFleeceJacketTextTest" time="0.0">
    <ignored/>
  </testcase> <!-- verifyFleeceJacketTextTest -->
  <testcase classname="testcases.InventoryPageTest" name="verifyBoltTshirtPriceTest" time="0.0">
    <ignored/>
  </testcase> <!-- verifyBoltTshirtPriceTest -->
  <testcase classname="testcases.InventoryPageTest" name="verifyTwitterLogoTest" time="0.0">
    <ignored/>
  </testcase> <!-- verifyTwitterLogoTest -->
  <testcase classname="testcases.InventoryPageTest" name="verifyFleeceJacketThumbnailImgTest" time="0.0">
    <ignored/>
  </testcase> <!-- verifyFleeceJacketThumbnailImgTest -->
  <testcase classname="testcases.InventoryPageTest" name="verifyFleeceJacketTest" time="0.0">
    <ignored/>
  </testcase> <!-- verifyFleeceJacketTest -->
  <testcase classname="testcases.InventoryPageTest" name="verifyDropdownTest" time="0.0">
    <ignored/>
  </testcase> <!-- verifyDropdownTest -->
  <testcase classname="testcases.InventoryPageTest" name="verifyBackPackTextTest" time="0.0">
    <ignored/>
  </testcase> <!-- verifyBackPackTextTest -->
  <testcase classname="testcases.InventoryPageTest" name="verifyBoltTshirtThumbnailImgTest" time="0.0">
    <ignored/>
  </testcase> <!-- verifyBoltTshirtThumbnailImgTest -->
  <testcase classname="testcases.InventoryPageTest" name="verifyFacebookLogoTest" time="0.0">
    <ignored/>
  </testcase> <!-- verifyFacebookLogoTest -->
  <testcase classname="testcases.InventoryPageTest" name="verifyBikeLightLinkTest" time="0.0">
    <ignored/>
  </testcase> <!-- verifyBikeLightLinkTest -->
</testsuite> <!-- Default test -->
