<?xml version="1.0" encoding="UTF-8"?>
<testng-results ignored="0" total="9" passed="8" failed="1" skipped="0">
  <reporter-output>
  </reporter-output>
  <suite started-at="2024-08-12T23:25:29 IST" name="Default suite" finished-at="2024-08-12T23:26:36 IST" duration-ms="66894">
    <groups>
    </groups>
    <test started-at="2024-08-12T23:25:29 IST" name="Default test" finished-at="2024-08-12T23:26:36 IST" duration-ms="66894">
      <class name="testcases.LoginPageTest">
        <test-method is-config="true" signature="setUp()[pri:0, instance:testcases.LoginPageTest@3eb738bb]" started-at="2024-08-12T23:25:29 IST" name="setUp" finished-at="2024-08-12T23:25:34 IST" duration-ms="5067" status="PASS">
          <reporter-output>
          </reporter-output>
        </test-method> <!-- setUp -->
        <test-method signature="loginWithMultiCreds(java.lang.String,java.lang.String)[pri:0, instance:testcases.LoginPageTest@3eb738bb]" started-at="2024-08-12T23:25:34 IST" name="loginWithMultiCreds" data-provider="CredentialsSet1" finished-at="2024-08-12T23:25:37 IST" duration-ms="2443" status="PASS">
          <params>
            <param index="0">
              <value>
                <![CDATA[standard_user]]>
              </value>
            </param>
            <param index="1">
              <value>
                <![CDATA[secret_sauce]]>
              </value>
            </param>
          </params>
          <reporter-output>
          </reporter-output>
        </test-method> <!-- loginWithMultiCreds -->
        <test-method is-config="true" signature="tearDown(org.testng.ITestResult)[pri:0, instance:testcases.LoginPageTest@3eb738bb]" started-at="2024-08-12T23:25:37 IST" name="tearDown" finished-at="2024-08-12T23:25:38 IST" duration-ms="1465" status="PASS">
          <params>
            <param index="0">
              <value>
                <![CDATA[[TestResult name=loginWithMultiCreds status=SUCCESS method=LoginPageTest.loginWithMultiCreds(java.lang.String,java.lang.String)[pri:0, instance:testcases.LoginPageTest@3eb738bb] output={null}]]]>
              </value>
            </param>
          </params>
          <reporter-output>
          </reporter-output>
        </test-method> <!-- tearDown -->
        <test-method is-config="true" signature="setUp()[pri:0, instance:testcases.LoginPageTest@3eb738bb]" started-at="2024-08-12T23:25:38 IST" name="setUp" finished-at="2024-08-12T23:25:45 IST" duration-ms="6352" status="PASS">
          <reporter-output>
          </reporter-output>
        </test-method> <!-- setUp -->
        <test-method signature="loginWithMultiCreds(java.lang.String,java.lang.String)[pri:0, instance:testcases.LoginPageTest@3eb738bb]" started-at="2024-08-12T23:25:45 IST" name="loginWithMultiCreds" data-provider="CredentialsSet1" finished-at="2024-08-12T23:25:47 IST" duration-ms="2640" status="FAIL">
          <params>
            <param index="0">
              <value>
                <![CDATA[locked_out_user]]>
              </value>
            </param>
            <param index="1">
              <value>
                <![CDATA[secret_sauce]]>
              </value>
            </param>
          </params>
          <exception class="java.lang.AssertionError">
            <message>
              <![CDATA[The following asserts failed:
expected [https://www.saucedemo.com/] but found [https://www.saucedemo.com/inventory.html]]]>
            </message>
            <full-stacktrace>
              <![CDATA[java.lang.AssertionError: The following asserts failed:
expected [https://www.saucedemo.com/] but found [https://www.saucedemo.com/inventory.html]
at org.testng.asserts.SoftAssert.assertAll(SoftAssert.java:46)
at org.testng.asserts.SoftAssert.assertAll(SoftAssert.java:30)
at testcases.LoginPageTest.loginWithMultiCreds(LoginPageTest.java:76)
at java.base/jdk.internal.reflect.NativeMethodAccessorImpl.invoke0(Native Method)
at java.base/jdk.internal.reflect.NativeMethodAccessorImpl.invoke(NativeMethodAccessorImpl.java:77)
at java.base/jdk.internal.reflect.DelegatingMethodAccessorImpl.invoke(DelegatingMethodAccessorImpl.java:43)
at java.base/java.lang.reflect.Method.invoke(Method.java:568)
at org.testng.internal.invokers.MethodInvocationHelper.invokeMethod(MethodInvocationHelper.java:139)
at org.testng.internal.invokers.TestInvoker.invokeMethod(TestInvoker.java:677)
at org.testng.internal.invokers.TestInvoker.invokeTestMethod(TestInvoker.java:221)
at org.testng.internal.invokers.MethodRunner.runInSequence(MethodRunner.java:50)
at org.testng.internal.invokers.TestInvoker$MethodInvocationAgent.invoke(TestInvoker.java:969)
at org.testng.internal.invokers.TestInvoker.invokeTestMethods(TestInvoker.java:194)
at org.testng.internal.invokers.TestMethodWorker.invokeTestMethods(TestMethodWorker.java:148)
at org.testng.internal.invokers.TestMethodWorker.run(TestMethodWorker.java:128)
at java.base/java.util.ArrayList.forEach(ArrayList.java:1511)
at org.testng.TestRunner.privateRun(TestRunner.java:829)
at org.testng.TestRunner.run(TestRunner.java:602)
at org.testng.SuiteRunner.runTest(SuiteRunner.java:437)
at org.testng.SuiteRunner.runSequentially(SuiteRunner.java:431)
at org.testng.SuiteRunner.privateRun(SuiteRunner.java:391)
at org.testng.SuiteRunner.run(SuiteRunner.java:330)
at org.testng.SuiteRunnerWorker.runSuite(SuiteRunnerWorker.java:52)
at org.testng.SuiteRunnerWorker.run(SuiteRunnerWorker.java:95)
at org.testng.TestNG.runSuitesSequentially(TestNG.java:1256)
at org.testng.TestNG.runSuitesLocally(TestNG.java:1176)
at org.testng.TestNG.runSuites(TestNG.java:1099)
at org.testng.TestNG.run(TestNG.java:1067)
at org.testng.remote.AbstractRemoteTestNG.run(AbstractRemoteTestNG.java:115)
at org.testng.remote.RemoteTestNG.initAndRun(RemoteTestNG.java:251)
at org.testng.remote.RemoteTestNG.main(RemoteTestNG.java:77)
]]>
            </full-stacktrace>
          </exception> <!-- java.lang.AssertionError -->
          <reporter-output>
          </reporter-output>
        </test-method> <!-- loginWithMultiCreds -->
        <test-method is-config="true" signature="tearDown(org.testng.ITestResult)[pri:0, instance:testcases.LoginPageTest@3eb738bb]" started-at="2024-08-12T23:25:47 IST" name="tearDown" finished-at="2024-08-12T23:25:48 IST" duration-ms="399" status="PASS">
          <params>
            <param index="0">
              <value>
                <![CDATA[[TestResult name=loginWithMultiCreds status=FAILURE method=LoginPageTest.loginWithMultiCreds(java.lang.String,java.lang.String)[pri:0, instance:testcases.LoginPageTest@3eb738bb] output={null}]]]>
              </value>
            </param>
          </params>
          <reporter-output>
          </reporter-output>
        </test-method> <!-- tearDown -->
        <test-method is-config="true" signature="setUp()[pri:0, instance:testcases.LoginPageTest@3eb738bb]" started-at="2024-08-12T23:25:48 IST" name="setUp" finished-at="2024-08-12T23:25:52 IST" duration-ms="4077" status="PASS">
          <reporter-output>
          </reporter-output>
        </test-method> <!-- setUp -->
        <test-method signature="loginWithMultiCreds(java.lang.String,java.lang.String)[pri:0, instance:testcases.LoginPageTest@3eb738bb]" started-at="2024-08-12T23:25:52 IST" name="loginWithMultiCreds" data-provider="CredentialsSet1" finished-at="2024-08-12T23:25:55 IST" duration-ms="2684" status="PASS">
          <params>
            <param index="0">
              <value>
                <![CDATA[problem_user]]>
              </value>
            </param>
            <param index="1">
              <value>
                <![CDATA[secret_sauce]]>
              </value>
            </param>
          </params>
          <reporter-output>
          </reporter-output>
        </test-method> <!-- loginWithMultiCreds -->
        <test-method is-config="true" signature="tearDown(org.testng.ITestResult)[pri:0, instance:testcases.LoginPageTest@3eb738bb]" started-at="2024-08-12T23:25:55 IST" name="tearDown" finished-at="2024-08-12T23:25:55 IST" duration-ms="193" status="PASS">
          <params>
            <param index="0">
              <value>
                <![CDATA[[TestResult name=loginWithMultiCreds status=SUCCESS method=LoginPageTest.loginWithMultiCreds(java.lang.String,java.lang.String)[pri:0, instance:testcases.LoginPageTest@3eb738bb] output={null}]]]>
              </value>
            </param>
          </params>
          <reporter-output>
          </reporter-output>
        </test-method> <!-- tearDown -->
        <test-method is-config="true" signature="setUp()[pri:0, instance:testcases.LoginPageTest@3eb738bb]" started-at="2024-08-12T23:25:55 IST" name="setUp" finished-at="2024-08-12T23:25:59 IST" duration-ms="4141" status="PASS">
          <reporter-output>
          </reporter-output>
        </test-method> <!-- setUp -->
        <test-method signature="loginWithMultiCreds(java.lang.String,java.lang.String)[pri:0, instance:testcases.LoginPageTest@3eb738bb]" started-at="2024-08-12T23:25:59 IST" name="loginWithMultiCreds" data-provider="CredentialsSet1" finished-at="2024-08-12T23:26:07 IST" duration-ms="7717" status="PASS">
          <params>
            <param index="0">
              <value>
                <![CDATA[performance_glitch_user]]>
              </value>
            </param>
            <param index="1">
              <value>
                <![CDATA[secret_sauce]]>
              </value>
            </param>
          </params>
          <reporter-output>
          </reporter-output>
        </test-method> <!-- loginWithMultiCreds -->
        <test-method is-config="true" signature="tearDown(org.testng.ITestResult)[pri:0, instance:testcases.LoginPageTest@3eb738bb]" started-at="2024-08-12T23:26:07 IST" name="tearDown" finished-at="2024-08-12T23:26:07 IST" duration-ms="222" status="PASS">
          <params>
            <param index="0">
              <value>
                <![CDATA[[TestResult name=loginWithMultiCreds status=SUCCESS method=LoginPageTest.loginWithMultiCreds(java.lang.String,java.lang.String)[pri:0, instance:testcases.LoginPageTest@3eb738bb] output={null}]]]>
              </value>
            </param>
          </params>
          <reporter-output>
          </reporter-output>
        </test-method> <!-- tearDown -->
        <test-method is-config="true" signature="setUp()[pri:0, instance:testcases.LoginPageTest@3eb738bb]" started-at="2024-08-12T23:26:07 IST" name="setUp" finished-at="2024-08-12T23:26:12 IST" duration-ms="4957" status="PASS">
          <reporter-output>
          </reporter-output>
        </test-method> <!-- setUp -->
        <test-method signature="loginWithMultiCreds(java.lang.String,java.lang.String)[pri:0, instance:testcases.LoginPageTest@3eb738bb]" started-at="2024-08-12T23:26:12 IST" name="loginWithMultiCreds" data-provider="CredentialsSet1" finished-at="2024-08-12T23:26:14 IST" duration-ms="2668" status="PASS">
          <params>
            <param index="0">
              <value>
                <![CDATA[error_user]]>
              </value>
            </param>
            <param index="1">
              <value>
                <![CDATA[secret_sauce]]>
              </value>
            </param>
          </params>
          <reporter-output>
          </reporter-output>
        </test-method> <!-- loginWithMultiCreds -->
        <test-method is-config="true" signature="tearDown(org.testng.ITestResult)[pri:0, instance:testcases.LoginPageTest@3eb738bb]" started-at="2024-08-12T23:26:14 IST" name="tearDown" finished-at="2024-08-12T23:26:15 IST" duration-ms="186" status="PASS">
          <params>
            <param index="0">
              <value>
                <![CDATA[[TestResult name=loginWithMultiCreds status=SUCCESS method=LoginPageTest.loginWithMultiCreds(java.lang.String,java.lang.String)[pri:0, instance:testcases.LoginPageTest@3eb738bb] output={null}]]]>
              </value>
            </param>
          </params>
          <reporter-output>
          </reporter-output>
        </test-method> <!-- tearDown -->
        <test-method is-config="true" signature="setUp()[pri:0, instance:testcases.LoginPageTest@3eb738bb]" started-at="2024-08-12T23:26:15 IST" name="setUp" finished-at="2024-08-12T23:26:19 IST" duration-ms="4152" status="PASS">
          <reporter-output>
          </reporter-output>
        </test-method> <!-- setUp -->
        <test-method signature="loginWithMultiCreds(java.lang.String,java.lang.String)[pri:0, instance:testcases.LoginPageTest@3eb738bb]" started-at="2024-08-12T23:26:19 IST" name="loginWithMultiCreds" data-provider="CredentialsSet1" finished-at="2024-08-12T23:26:21 IST" duration-ms="2673" status="PASS">
          <params>
            <param index="0">
              <value>
                <![CDATA[visual_user]]>
              </value>
            </param>
            <param index="1">
              <value>
                <![CDATA[secret_sauce]]>
              </value>
            </param>
          </params>
          <reporter-output>
          </reporter-output>
        </test-method> <!-- loginWithMultiCreds -->
        <test-method is-config="true" signature="tearDown(org.testng.ITestResult)[pri:0, instance:testcases.LoginPageTest@3eb738bb]" started-at="2024-08-12T23:26:21 IST" name="tearDown" finished-at="2024-08-12T23:26:22 IST" duration-ms="202" status="PASS">
          <params>
            <param index="0">
              <value>
                <![CDATA[[TestResult name=loginWithMultiCreds status=SUCCESS method=LoginPageTest.loginWithMultiCreds(java.lang.String,java.lang.String)[pri:0, instance:testcases.LoginPageTest@3eb738bb] output={null}]]]>
              </value>
            </param>
          </params>
          <reporter-output>
          </reporter-output>
        </test-method> <!-- tearDown -->
        <test-method is-config="true" signature="setUp()[pri:0, instance:testcases.LoginPageTest@3eb738bb]" started-at="2024-08-12T23:26:22 IST" name="setUp" finished-at="2024-08-12T23:26:26 IST" duration-ms="4343" status="PASS">
          <reporter-output>
          </reporter-output>
        </test-method> <!-- setUp -->
        <test-method signature="verifyTitleTest()[pri:0, instance:testcases.LoginPageTest@3eb738bb]" started-at="2024-08-12T23:26:26 IST" name="verifyTitleTest" finished-at="2024-08-12T23:26:26 IST" duration-ms="12" status="PASS">
          <reporter-output>
          </reporter-output>
        </test-method> <!-- verifyTitleTest -->
        <test-method is-config="true" signature="tearDown(org.testng.ITestResult)[pri:0, instance:testcases.LoginPageTest@3eb738bb]" started-at="2024-08-12T23:26:26 IST" name="tearDown" finished-at="2024-08-12T23:26:26 IST" duration-ms="180" status="PASS">
          <params>
            <param index="0">
              <value>
                <![CDATA[[TestResult name=verifyTitleTest status=SUCCESS method=LoginPageTest.verifyTitleTest()[pri:0, instance:testcases.LoginPageTest@3eb738bb] output={null}]]]>
              </value>
            </param>
          </params>
          <reporter-output>
          </reporter-output>
        </test-method> <!-- tearDown -->
        <test-method is-config="true" signature="setUp()[pri:0, instance:testcases.LoginPageTest@3eb738bb]" started-at="2024-08-12T23:26:26 IST" name="setUp" finished-at="2024-08-12T23:26:30 IST" duration-ms="4219" status="PASS">
          <reporter-output>
          </reporter-output>
        </test-method> <!-- setUp -->
        <test-method signature="verifyUrlTest()[pri:1, instance:testcases.LoginPageTest@3eb738bb]" started-at="2024-08-12T23:26:30 IST" name="verifyUrlTest" finished-at="2024-08-12T23:26:30 IST" duration-ms="14" status="PASS">
          <reporter-output>
          </reporter-output>
        </test-method> <!-- verifyUrlTest -->
        <test-method is-config="true" signature="tearDown(org.testng.ITestResult)[pri:0, instance:testcases.LoginPageTest@3eb738bb]" started-at="2024-08-12T23:26:30 IST" name="tearDown" finished-at="2024-08-12T23:26:31 IST" duration-ms="200" status="PASS">
          <params>
            <param index="0">
              <value>
                <![CDATA[[TestResult name=verifyUrlTest status=SUCCESS method=LoginPageTest.verifyUrlTest()[pri:1, instance:testcases.LoginPageTest@3eb738bb] output={null}]]]>
              </value>
            </param>
          </params>
          <reporter-output>
          </reporter-output>
        </test-method> <!-- tearDown -->
        <test-method is-config="true" signature="setUp()[pri:0, instance:testcases.LoginPageTest@3eb738bb]" started-at="2024-08-12T23:26:31 IST" name="setUp" finished-at="2024-08-12T23:26:35 IST" duration-ms="4721" status="PASS">
          <reporter-output>
          </reporter-output>
        </test-method> <!-- setUp -->
        <test-method signature="verifyLoginToApplicationTest()[pri:2, instance:testcases.LoginPageTest@3eb738bb]" started-at="2024-08-12T23:26:35 IST" name="verifyLoginToApplicationTest" finished-at="2024-08-12T23:26:36 IST" duration-ms="736" status="PASS">
          <reporter-output>
          </reporter-output>
        </test-method> <!-- verifyLoginToApplicationTest -->
        <test-method is-config="true" signature="tearDown(org.testng.ITestResult)[pri:0, instance:testcases.LoginPageTest@3eb738bb]" started-at="2024-08-12T23:26:36 IST" name="tearDown" finished-at="2024-08-12T23:26:36 IST" duration-ms="141" status="PASS">
          <params>
            <param index="0">
              <value>
                <![CDATA[[TestResult name=verifyLoginToApplicationTest status=SUCCESS method=LoginPageTest.verifyLoginToApplicationTest()[pri:2, instance:testcases.LoginPageTest@3eb738bb] output={null}]]]>
              </value>
            </param>
          </params>
          <reporter-output>
          </reporter-output>
        </test-method> <!-- tearDown -->
      </class> <!-- testcases.LoginPageTest -->
    </test> <!-- Default test -->
  </suite> <!-- Default suite -->
</testng-results>
