<?xml version="1.0" encoding="UTF-8"?>
<testng-results ignored="0" total="6" passed="6" failed="0" skipped="0">
  <reporter-output>
  </reporter-output>
  <suite started-at="2024-11-27T23:39:47 IST" name="Default suite" finished-at="2024-11-27T23:41:26 IST" duration-ms="98723">
    <groups>
    </groups>
    <test started-at="2024-11-27T23:39:47 IST" name="Default test" finished-at="2024-11-27T23:41:26 IST" duration-ms="98723">
      <class name="testcases.CheckoutPageTest">
        <test-method is-config="true" signature="setUp()[pri:0, instance:testcases.CheckoutPageTest@dd05255]" started-at="2024-11-27T23:39:47 IST" name="setUp" finished-at="2024-11-27T23:40:07 IST" duration-ms="19419" status="PASS">
          <reporter-output>
          </reporter-output>
        </test-method> <!-- setUp -->
        <test-method signature="verifyCancelBtnTest()[pri:0, instance:testcases.CheckoutPageTest@dd05255]" started-at="2024-11-27T23:40:07 IST" name="verifyCancelBtnTest" finished-at="2024-11-27T23:40:08 IST" duration-ms="815" status="PASS">
          <reporter-output>
          </reporter-output>
        </test-method> <!-- verifyCancelBtnTest -->
        <test-method is-config="true" signature="tearDown()[pri:0, instance:testcases.CheckoutPageTest@dd05255]" started-at="2024-11-27T23:40:08 IST" name="tearDown" finished-at="2024-11-27T23:40:09 IST" duration-ms="1368" status="PASS">
          <reporter-output>
          </reporter-output>
        </test-method> <!-- tearDown -->
        <test-method is-config="true" signature="setUp()[pri:0, instance:testcases.CheckoutPageTest@dd05255]" started-at="2024-11-27T23:40:09 IST" name="setUp" finished-at="2024-11-27T23:40:21 IST" duration-ms="12371" status="PASS">
          <reporter-output>
          </reporter-output>
        </test-method> <!-- setUp -->
        <test-method signature="verifyEnterFirstnameTest()[pri:0, instance:testcases.CheckoutPageTest@dd05255]" started-at="2024-11-27T23:40:21 IST" name="verifyEnterFirstnameTest" finished-at="2024-11-27T23:40:21 IST" duration-ms="4" status="PASS">
          <reporter-output>
          </reporter-output>
        </test-method> <!-- verifyEnterFirstnameTest -->
        <test-method is-config="true" signature="tearDown()[pri:0, instance:testcases.CheckoutPageTest@dd05255]" started-at="2024-11-27T23:40:21 IST" name="tearDown" finished-at="2024-11-27T23:40:23 IST" duration-ms="1430" status="PASS">
          <reporter-output>
          </reporter-output>
        </test-method> <!-- tearDown -->
        <test-method is-config="true" signature="setUp()[pri:0, instance:testcases.CheckoutPageTest@dd05255]" started-at="2024-11-27T23:40:23 IST" name="setUp" finished-at="2024-11-27T23:40:36 IST" duration-ms="13015" status="PASS">
          <reporter-output>
          </reporter-output>
        </test-method> <!-- setUp -->
        <test-method signature="verifyEnterLastnameTest()[pri:0, instance:testcases.CheckoutPageTest@dd05255]" started-at="2024-11-27T23:40:36 IST" name="verifyEnterLastnameTest" finished-at="2024-11-27T23:40:36 IST" duration-ms="2" status="PASS">
          <reporter-output>
          </reporter-output>
        </test-method> <!-- verifyEnterLastnameTest -->
        <test-method is-config="true" signature="tearDown()[pri:0, instance:testcases.CheckoutPageTest@dd05255]" started-at="2024-11-27T23:40:36 IST" name="tearDown" finished-at="2024-11-27T23:40:37 IST" duration-ms="1631" status="PASS">
          <reporter-output>
          </reporter-output>
        </test-method> <!-- tearDown -->
        <test-method is-config="true" signature="setUp()[pri:0, instance:testcases.CheckoutPageTest@dd05255]" started-at="2024-11-27T23:40:37 IST" name="setUp" finished-at="2024-11-27T23:40:51 IST" duration-ms="13349" status="PASS">
          <reporter-output>
          </reporter-output>
        </test-method> <!-- setUp -->
        <test-method signature="verifyErrorMessageTest()[pri:0, instance:testcases.CheckoutPageTest@dd05255]" started-at="2024-11-27T23:40:51 IST" name="verifyErrorMessageTest" finished-at="2024-11-27T23:40:52 IST" duration-ms="869" status="PASS">
          <reporter-output>
          </reporter-output>
        </test-method> <!-- verifyErrorMessageTest -->
        <test-method is-config="true" signature="tearDown()[pri:0, instance:testcases.CheckoutPageTest@dd05255]" started-at="2024-11-27T23:40:52 IST" name="tearDown" finished-at="2024-11-27T23:40:53 IST" duration-ms="1381" status="PASS">
          <reporter-output>
          </reporter-output>
        </test-method> <!-- tearDown -->
        <test-method is-config="true" signature="setUp()[pri:0, instance:testcases.CheckoutPageTest@dd05255]" started-at="2024-11-27T23:40:53 IST" name="setUp" finished-at="2024-11-27T23:41:07 IST" duration-ms="14053" status="PASS">
          <reporter-output>
          </reporter-output>
        </test-method> <!-- setUp -->
        <test-method signature="verifyFinishButtonTest()[pri:0, instance:testcases.CheckoutPageTest@dd05255]" started-at="2024-11-27T23:41:07 IST" name="verifyFinishButtonTest" finished-at="2024-11-27T23:41:09 IST" duration-ms="2153" status="PASS">
          <reporter-output>
          </reporter-output>
        </test-method> <!-- verifyFinishButtonTest -->
        <test-method is-config="true" signature="tearDown()[pri:0, instance:testcases.CheckoutPageTest@dd05255]" started-at="2024-11-27T23:41:09 IST" name="tearDown" finished-at="2024-11-27T23:41:11 IST" duration-ms="1402" status="PASS">
          <reporter-output>
          </reporter-output>
        </test-method> <!-- tearDown -->
        <test-method is-config="true" signature="setUp()[pri:0, instance:testcases.CheckoutPageTest@dd05255]" started-at="2024-11-27T23:41:11 IST" name="setUp" finished-at="2024-11-27T23:41:23 IST" duration-ms="12114" status="PASS">
          <reporter-output>
          </reporter-output>
        </test-method> <!-- setUp -->
        <test-method signature="verifyTotalPriceTest()[pri:0, instance:testcases.CheckoutPageTest@dd05255]" started-at="2024-11-27T23:41:23 IST" name="verifyTotalPriceTest" finished-at="2024-11-27T23:41:25 IST" duration-ms="1810" status="PASS">
          <reporter-output>
          </reporter-output>
        </test-method> <!-- verifyTotalPriceTest -->
        <test-method is-config="true" signature="tearDown()[pri:0, instance:testcases.CheckoutPageTest@dd05255]" started-at="2024-11-27T23:41:25 IST" name="tearDown" finished-at="2024-11-27T23:41:26 IST" duration-ms="1431" status="PASS">
          <reporter-output>
          </reporter-output>
        </test-method> <!-- tearDown -->
      </class> <!-- testcases.CheckoutPageTest -->
    </test> <!-- Default test -->
  </suite> <!-- Default suite -->
</testng-results>
